<?xml version="1.0" encoding="UTF-8"?>
<coverage generated="1651243568">
  <project timestamp="1651243568">
    <file name="/home/vexpenses/Documentos/agenda-with-api/agenda/app/Console/Kernel.php">
      <class name="App\Console\Kernel" namespace="global">
        <metrics complexity="2" methods="2" coveredmethods="1" conditionals="0" coveredconditionals="0" statements="4" coveredstatements="3" elements="6" coveredelements="4"/>
      </class>
      <line num="25" type="method" name="schedule" visibility="protected" complexity="1" crap="2" count="0"/>
      <line num="28" type="stmt" count="0"/>
      <line num="35" type="method" name="commands" visibility="protected" complexity="1" crap="1" count="226"/>
      <line num="37" type="stmt" count="226"/>
      <line num="39" type="stmt" count="226"/>
      <line num="40" type="stmt" count="226"/>
      <metrics loc="41" ncloc="25" classes="1" methods="2" coveredmethods="1" conditionals="0" coveredconditionals="0" statements="4" coveredstatements="3" elements="6" coveredelements="4"/>
    </file>
    <file name="/home/vexpenses/Documentos/agenda-with-api/agenda/app/Exceptions/Handler.php">
      <class name="App\Exceptions\Handler" namespace="global">
        <metrics complexity="6" methods="3" coveredmethods="2" conditionals="0" coveredconditionals="0" statements="20" coveredstatements="14" elements="23" coveredelements="16"/>
      </class>
      <line num="42" type="method" name="report" visibility="public" complexity="1" crap="1" count="14"/>
      <line num="44" type="stmt" count="14"/>
      <line num="45" type="stmt" count="14"/>
      <line num="56" type="method" name="render" visibility="public" complexity="2" crap="3.69" count="14"/>
      <line num="58" type="stmt" count="14"/>
      <line num="59" type="stmt" count="0"/>
      <line num="60" type="stmt" count="0"/>
      <line num="61" type="stmt" count="0"/>
      <line num="62" type="stmt" count="0"/>
      <line num="63" type="stmt" count="0"/>
      <line num="66" type="stmt" count="0"/>
      <line num="69" type="stmt" count="14"/>
      <line num="79" type="method" name="invalidJson" visibility="protected" complexity="3" crap="3" count="14"/>
      <line num="81" type="stmt" count="14"/>
      <line num="82" type="stmt" count="14"/>
      <line num="83" type="stmt" count="14"/>
      <line num="84" type="stmt" count="14"/>
      <line num="85" type="stmt" count="14"/>
      <line num="90" type="stmt" count="14"/>
      <line num="91" type="stmt" count="14"/>
      <line num="92" type="stmt" count="14"/>
      <line num="94" type="stmt" count="14"/>
      <line num="97" type="stmt" count="14"/>
      <metrics loc="99" ncloc="65" classes="1" methods="3" coveredmethods="2" conditionals="0" coveredconditionals="0" statements="20" coveredstatements="14" elements="23" coveredelements="16"/>
    </file>
    <file name="/home/vexpenses/Documentos/agenda-with-api/agenda/app/Exceptions/PolicyException.php">
      <class name="App\Exceptions\PolicyException" namespace="global">
        <metrics complexity="1" methods="1" coveredmethods="0" conditionals="0" coveredconditionals="0" statements="2" coveredstatements="0" elements="3" coveredelements="0"/>
      </class>
      <line num="13" type="method" name="__construct" visibility="public" complexity="1" crap="2" count="0"/>
      <line num="15" type="stmt" count="0"/>
      <line num="16" type="stmt" count="0"/>
      <metrics loc="17" ncloc="13" classes="1" methods="1" coveredmethods="0" conditionals="0" coveredconditionals="0" statements="2" coveredstatements="0" elements="3" coveredelements="0"/>
    </file>
    <file name="/home/vexpenses/Documentos/agenda-with-api/agenda/app/Helpers/Helper.php">
      <line num="6" type="stmt" count="1"/>
      <line num="13" type="stmt" count="1"/>
      <line num="15" type="stmt" count="58"/>
      <line num="16" type="stmt" count="0"/>
      <line num="20" type="stmt" count="58"/>
      <line num="22" type="stmt" count="58"/>
      <line num="24" type="stmt" count="58"/>
      <line num="25" type="stmt" count="58"/>
      <line num="27" type="stmt" count="58"/>
      <line num="28" type="stmt" count="58"/>
      <line num="31" type="stmt" count="58"/>
      <line num="32" type="stmt" count="0"/>
      <line num="35" type="stmt" count="58"/>
      <metrics loc="37" ncloc="31" classes="0" methods="0" coveredmethods="0" conditionals="0" coveredconditionals="0" statements="13" coveredstatements="11" elements="13" coveredelements="11"/>
    </file>
    <file name="/home/vexpenses/Documentos/agenda-with-api/agenda/app/Http/Controllers/AddressController.php">
      <class name="App\Http\Controllers\AddressController" namespace="global">
        <metrics complexity="9" methods="4" coveredmethods="4" conditionals="0" coveredconditionals="0" statements="20" coveredstatements="20" elements="24" coveredelements="24"/>
      </class>
      <line num="22" type="method" name="__construct" visibility="public" complexity="1" crap="1" count="11"/>
      <line num="24" type="stmt" count="11"/>
      <line num="25" type="stmt" count="11"/>
      <line num="37" type="method" name="update" visibility="public" complexity="3" crap="3" count="4"/>
      <line num="39" type="stmt" count="4"/>
      <line num="40" type="stmt" count="4"/>
      <line num="42" type="stmt" count="4"/>
      <line num="45" type="stmt" count="4"/>
      <line num="46" type="stmt" count="3"/>
      <line num="49" type="stmt" count="1"/>
      <line num="50" type="stmt" count="1"/>
      <line num="63" type="method" name="delete" visibility="public" complexity="2" crap="2" count="2"/>
      <line num="65" type="stmt" count="2"/>
      <line num="66" type="stmt" count="2"/>
      <line num="67" type="stmt" count="2"/>
      <line num="70" type="stmt" count="2"/>
      <line num="71" type="stmt" count="1"/>
      <line num="74" type="stmt" count="1"/>
      <line num="87" type="method" name="findByPostalCode" visibility="public" complexity="3" crap="3" count="3"/>
      <line num="89" type="stmt" count="3"/>
      <line num="91" type="stmt" count="3"/>
      <line num="92" type="stmt" count="2"/>
      <line num="94" type="stmt" count="1"/>
      <line num="95" type="stmt" count="1"/>
      <metrics loc="98" ncloc="63" classes="1" methods="4" coveredmethods="4" conditionals="0" coveredconditionals="0" statements="20" coveredstatements="20" elements="24" coveredelements="24"/>
    </file>
    <file name="/home/vexpenses/Documentos/agenda-with-api/agenda/app/Http/Controllers/ApiController.php">
      <class name="App\Http\Controllers\ApiController" namespace="global">
        <metrics complexity="4" methods="2" coveredmethods="1" conditionals="0" coveredconditionals="0" statements="11" coveredstatements="7" elements="13" coveredelements="8"/>
      </class>
      <line num="14" type="stmt" count="1"/>
      <line num="15" type="stmt" count="1"/>
      <line num="24" type="method" name="response" visibility="public" complexity="1" crap="1" count="54"/>
      <line num="26" type="stmt" count="54"/>
      <line num="36" type="method" name="errorResponseFromService" visibility="public" complexity="3" crap="3.58" count="27"/>
      <line num="38" type="stmt" count="27"/>
      <line num="39" type="stmt" count="27"/>
      <line num="41" type="stmt" count="0"/>
      <line num="42" type="stmt" count="0"/>
      <line num="43" type="stmt" count="0"/>
      <line num="44" type="stmt" count="0"/>
      <line num="49" type="stmt" count="27"/>
      <line num="50" type="stmt" count="27"/>
      <line num="51" type="stmt" count="27"/>
      <line num="53" type="stmt" count="27"/>
      <metrics loc="56" ncloc="42" classes="1" methods="2" coveredmethods="1" conditionals="0" coveredconditionals="0" statements="13" coveredstatements="9" elements="15" coveredelements="10"/>
    </file>
    <file name="/home/vexpenses/Documentos/agenda-with-api/agenda/app/Http/Controllers/ContactController.php">
      <class name="App\Http\Controllers\ContactController" namespace="global">
        <metrics complexity="14" methods="6" coveredmethods="3" conditionals="0" coveredconditionals="0" statements="39" coveredstatements="36" elements="45" coveredelements="39"/>
      </class>
      <line num="25" type="method" name="__construct" visibility="public" complexity="1" crap="1" count="21"/>
      <line num="27" type="stmt" count="21"/>
      <line num="28" type="stmt" count="21"/>
      <line num="38" type="method" name="index" visibility="public" complexity="2" crap="2.01" count="3"/>
      <line num="40" type="stmt" count="3"/>
      <line num="41" type="stmt" count="3"/>
      <line num="42" type="stmt" count="3"/>
      <line num="45" type="stmt" count="3"/>
      <line num="46" type="stmt" count="0"/>
      <line num="49" type="stmt" count="3"/>
      <line num="50" type="stmt" count="3"/>
      <line num="63" type="method" name="show" visibility="public" complexity="3" crap="3" count="2"/>
      <line num="65" type="stmt" count="2"/>
      <line num="66" type="stmt" count="2"/>
      <line num="67" type="stmt" count="2"/>
      <line num="70" type="stmt" count="2"/>
      <line num="71" type="stmt" count="1"/>
      <line num="74" type="stmt" count="1"/>
      <line num="75" type="stmt" count="1"/>
      <line num="88" type="method" name="store" visibility="public" complexity="3" crap="3.01" count="2"/>
      <line num="90" type="stmt" count="2"/>
      <line num="91" type="stmt" count="2"/>
      <line num="92" type="stmt" count="2"/>
      <line num="93" type="stmt" count="2"/>
      <line num="94" type="stmt" count="2"/>
      <line num="95" type="stmt" count="2"/>
      <line num="98" type="stmt" count="2"/>
      <line num="99" type="stmt" count="2"/>
      <line num="102" type="stmt" count="2"/>
      <line num="103" type="stmt" count="0"/>
      <line num="106" type="stmt" count="2"/>
      <line num="107" type="stmt" count="2"/>
      <line num="120" type="method" name="update" visibility="public" complexity="3" crap="3.03" count="1"/>
      <line num="122" type="stmt" count="1"/>
      <line num="123" type="stmt" count="1"/>
      <line num="125" type="stmt" count="1"/>
      <line num="128" type="stmt" count="1"/>
      <line num="129" type="stmt" count="0"/>
      <line num="132" type="stmt" count="1"/>
      <line num="133" type="stmt" count="1"/>
      <line num="146" type="method" name="delete" visibility="public" complexity="2" crap="2" count="3"/>
      <line num="148" type="stmt" count="3"/>
      <line num="150" type="stmt" count="3"/>
      <line num="151" type="stmt" count="2"/>
      <line num="154" type="stmt" count="1"/>
      <metrics loc="156" ncloc="106" classes="1" methods="6" coveredmethods="3" conditionals="0" coveredconditionals="0" statements="39" coveredstatements="36" elements="45" coveredelements="39"/>
    </file>
    <file name="/home/vexpenses/Documentos/agenda-with-api/agenda/app/Http/Controllers/Controller.php">
      <class name="App\Http\Controllers\Controller" namespace="global">
        <metrics complexity="0" methods="0" coveredmethods="0" conditionals="0" coveredconditionals="0" statements="0" coveredstatements="0" elements="0" coveredelements="0"/>
      </class>
      <line num="12" type="stmt" count="1"/>
      <metrics loc="13" ncloc="13" classes="0" methods="0" coveredmethods="0" conditionals="0" coveredconditionals="0" statements="1" coveredstatements="1" elements="1" coveredelements="1"/>
    </file>
    <file name="/home/vexpenses/Documentos/agenda-with-api/agenda/app/Http/Controllers/TagController.php">
      <class name="App\Http\Controllers\TagController" namespace="global">
        <metrics complexity="17" methods="7" coveredmethods="5" conditionals="0" coveredconditionals="0" statements="44" coveredstatements="42" elements="51" coveredelements="47"/>
      </class>
      <line num="28" type="method" name="__construct" visibility="public" complexity="1" crap="1" count="23"/>
      <line num="30" type="stmt" count="23"/>
      <line num="31" type="stmt" count="23"/>
      <line num="40" type="method" name="index" visibility="public" complexity="3" crap="3.03" count="1"/>
      <line num="42" type="stmt" count="1"/>
      <line num="43" type="stmt" count="1"/>
      <line num="44" type="stmt" count="1"/>
      <line num="47" type="stmt" count="1"/>
      <line num="48" type="stmt" count="0"/>
      <line num="51" type="stmt" count="1"/>
      <line num="52" type="stmt" count="1"/>
      <line num="65" type="method" name="store" visibility="public" complexity="3" crap="3.02" count="1"/>
      <line num="67" type="stmt" count="1"/>
      <line num="68" type="stmt" count="1"/>
      <line num="69" type="stmt" count="1"/>
      <line num="72" type="stmt" count="1"/>
      <line num="74" type="stmt" count="1"/>
      <line num="75" type="stmt" count="0"/>
      <line num="78" type="stmt" count="1"/>
      <line num="79" type="stmt" count="1"/>
      <line num="92" type="method" name="update" visibility="public" complexity="3" crap="3" count="2"/>
      <line num="94" type="stmt" count="2"/>
      <line num="95" type="stmt" count="2"/>
      <line num="96" type="stmt" count="2"/>
      <line num="97" type="stmt" count="2"/>
      <line num="100" type="stmt" count="2"/>
      <line num="101" type="stmt" count="1"/>
      <line num="104" type="stmt" count="1"/>
      <line num="105" type="stmt" count="1"/>
      <line num="118" type="method" name="delete" visibility="public" complexity="2" crap="2" count="3"/>
      <line num="120" type="stmt" count="3"/>
      <line num="122" type="stmt" count="3"/>
      <line num="123" type="stmt" count="2"/>
      <line num="126" type="stmt" count="1"/>
      <line num="139" type="method" name="attach" visibility="public" complexity="3" crap="3" count="5"/>
      <line num="141" type="stmt" count="5"/>
      <line num="142" type="stmt" count="5"/>
      <line num="143" type="stmt" count="5"/>
      <line num="144" type="stmt" count="5"/>
      <line num="147" type="stmt" count="5"/>
      <line num="148" type="stmt" count="4"/>
      <line num="151" type="stmt" count="1"/>
      <line num="152" type="stmt" count="1"/>
      <line num="165" type="method" name="detach" visibility="public" complexity="2" crap="2" count="5"/>
      <line num="167" type="stmt" count="5"/>
      <line num="168" type="stmt" count="5"/>
      <line num="169" type="stmt" count="5"/>
      <line num="170" type="stmt" count="5"/>
      <line num="173" type="stmt" count="5"/>
      <line num="174" type="stmt" count="4"/>
      <line num="177" type="stmt" count="1"/>
      <metrics loc="179" ncloc="120" classes="1" methods="7" coveredmethods="5" conditionals="0" coveredconditionals="0" statements="44" coveredstatements="42" elements="51" coveredelements="47"/>
    </file>
    <file name="/home/vexpenses/Documentos/agenda-with-api/agenda/app/Http/Controllers/UserController.php">
      <class name="App\Http\Controllers\UserController" namespace="global">
        <metrics complexity="21" methods="8" coveredmethods="2" conditionals="0" coveredconditionals="0" statements="46" coveredstatements="40" elements="54" coveredelements="42"/>
      </class>
      <line num="24" type="method" name="__construct" visibility="public" complexity="1" crap="1" count="21"/>
      <line num="26" type="stmt" count="21"/>
      <line num="27" type="stmt" count="21"/>
      <line num="38" type="method" name="register" visibility="public" complexity="3" crap="3.02" count="1"/>
      <line num="40" type="stmt" count="1"/>
      <line num="41" type="stmt" count="1"/>
      <line num="42" type="stmt" count="1"/>
      <line num="43" type="stmt" count="1"/>
      <line num="46" type="stmt" count="1"/>
      <line num="48" type="stmt" count="1"/>
      <line num="49" type="stmt" count="0"/>
      <line num="52" type="stmt" count="1"/>
      <line num="65" type="method" name="login" visibility="public" complexity="3" crap="3" count="3"/>
      <line num="67" type="stmt" count="3"/>
      <line num="68" type="stmt" count="3"/>
      <line num="69" type="stmt" count="3"/>
      <line num="72" type="stmt" count="3"/>
      <line num="73" type="stmt" count="2"/>
      <line num="76" type="stmt" count="1"/>
      <line num="77" type="stmt" count="1"/>
      <line num="88" type="method" name="logout" visibility="public" complexity="2" crap="2.06" count="1"/>
      <line num="90" type="stmt" count="1"/>
      <line num="92" type="stmt" count="1"/>
      <line num="93" type="stmt" count="0"/>
      <line num="96" type="stmt" count="1"/>
      <line num="105" type="method" name="show" visibility="public" complexity="3" crap="3.07" count="1"/>
      <line num="107" type="stmt" count="1"/>
      <line num="108" type="stmt" count="1"/>
      <line num="109" type="stmt" count="0"/>
      <line num="112" type="stmt" count="1"/>
      <line num="113" type="stmt" count="1"/>
      <line num="124" type="method" name="update" visibility="public" complexity="3" crap="3.03" count="1"/>
      <line num="126" type="stmt" count="1"/>
      <line num="127" type="stmt" count="1"/>
      <line num="128" type="stmt" count="1"/>
      <line num="131" type="stmt" count="1"/>
      <line num="132" type="stmt" count="0"/>
      <line num="135" type="stmt" count="1"/>
      <line num="136" type="stmt" count="1"/>
      <line num="147" type="method" name="tokenToChangePassword" visibility="public" complexity="3" crap="3.07" count="1"/>
      <line num="149" type="stmt" count="1"/>
      <line num="151" type="stmt" count="1"/>
      <line num="152" type="stmt" count="0"/>
      <line num="155" type="stmt" count="1"/>
      <line num="156" type="stmt" count="1"/>
      <line num="169" type="method" name="changePassword" visibility="public" complexity="3" crap="3.02" count="1"/>
      <line num="171" type="stmt" count="1"/>
      <line num="172" type="stmt" count="1"/>
      <line num="173" type="stmt" count="1"/>
      <line num="174" type="stmt" count="1"/>
      <line num="177" type="stmt" count="1"/>
      <line num="178" type="stmt" count="0"/>
      <line num="181" type="stmt" count="1"/>
      <line num="182" type="stmt" count="1"/>
      <metrics loc="185" ncloc="127" classes="1" methods="8" coveredmethods="2" conditionals="0" coveredconditionals="0" statements="46" coveredstatements="40" elements="54" coveredelements="42"/>
    </file>
    <file name="/home/vexpenses/Documentos/agenda-with-api/agenda/app/Http/Controllers/VexpensesController.php">
      <class name="App\Http\Controllers\VexpensesController" namespace="global">
        <metrics complexity="10" methods="4" coveredmethods="3" conditionals="0" coveredconditionals="0" statements="22" coveredstatements="21" elements="26" coveredelements="24"/>
      </class>
      <line num="21" type="method" name="__construct" visibility="public" complexity="1" crap="1" count="13"/>
      <line num="23" type="stmt" count="13"/>
      <line num="24" type="stmt" count="13"/>
      <line num="33" type="method" name="accessToken" visibility="public" complexity="3" crap="3.03" count="1"/>
      <line num="35" type="stmt" count="1"/>
      <line num="36" type="stmt" count="1"/>
      <line num="37" type="stmt" count="1"/>
      <line num="40" type="stmt" count="1"/>
      <line num="41" type="stmt" count="0"/>
      <line num="44" type="stmt" count="1"/>
      <line num="45" type="stmt" count="1"/>
      <line num="56" type="method" name="teamMembers" visibility="public" complexity="3" crap="3" count="2"/>
      <line num="58" type="stmt" count="2"/>
      <line num="59" type="stmt" count="2"/>
      <line num="62" type="stmt" count="2"/>
      <line num="63" type="stmt" count="1"/>
      <line num="66" type="stmt" count="1"/>
      <line num="67" type="stmt" count="1"/>
      <line num="81" type="method" name="storeContactWithMember" visibility="public" complexity="3" crap="3" count="5"/>
      <line num="83" type="stmt" count="5"/>
      <line num="84" type="stmt" count="5"/>
      <line num="86" type="stmt" count="5"/>
      <line num="89" type="stmt" count="5"/>
      <line num="90" type="stmt" count="4"/>
      <line num="93" type="stmt" count="1"/>
      <line num="94" type="stmt" count="1"/>
      <metrics loc="97" ncloc="70" classes="1" methods="4" coveredmethods="3" conditionals="0" coveredconditionals="0" statements="22" coveredstatements="21" elements="26" coveredelements="24"/>
    </file>
    <file name="/home/vexpenses/Documentos/agenda-with-api/agenda/app/Http/Kernel.php">
      <class name="App\Http\Kernel" namespace="global">
        <metrics complexity="0" methods="0" coveredmethods="0" conditionals="0" coveredconditionals="0" statements="0" coveredstatements="0" elements="0" coveredelements="0"/>
      </class>
      <metrics loc="69" ncloc="48" classes="0" methods="0" coveredmethods="0" conditionals="0" coveredconditionals="0" statements="0" coveredstatements="0" elements="0" coveredelements="0"/>
    </file>
    <file name="/home/vexpenses/Documentos/agenda-with-api/agenda/app/Http/Middleware/ApiAuthenticate.php">
      <class name="App\Http\Middleware\ApiAuthenticate" namespace="global">
        <metrics complexity="5" methods="2" coveredmethods="1" conditionals="0" coveredconditionals="0" statements="16" coveredstatements="12" elements="18" coveredelements="13"/>
      </class>
      <line num="13" type="stmt" count="1"/>
      <line num="20" type="method" name="__construct" visibility="public" complexity="1" crap="1" count="83"/>
      <line num="22" type="stmt" count="83"/>
      <line num="23" type="stmt" count="83"/>
      <line num="32" type="method" name="handle" visibility="public" complexity="4" crap="4.37" count="83"/>
      <line num="34" type="stmt" count="83"/>
      <line num="36" type="stmt" count="83"/>
      <line num="38" type="stmt" count="83"/>
      <line num="40" type="stmt" count="19"/>
      <line num="41" type="stmt" count="19"/>
      <line num="42" type="stmt" count="19"/>
      <line num="45" type="stmt" count="19"/>
      <line num="48" type="stmt" count="64"/>
      <line num="49" type="stmt" count="64"/>
      <line num="50" type="stmt" count="0"/>
      <line num="51" type="stmt" count="0"/>
      <line num="52" type="stmt" count="0"/>
      <line num="55" type="stmt" count="0"/>
      <line num="58" type="stmt" count="64"/>
      <metrics loc="60" ncloc="50" classes="1" methods="2" coveredmethods="1" conditionals="0" coveredconditionals="0" statements="17" coveredstatements="13" elements="19" coveredelements="14"/>
    </file>
    <file name="/home/vexpenses/Documentos/agenda-with-api/agenda/app/Http/Middleware/Authenticate.php">
      <class name="App\Http\Middleware\Authenticate" namespace="global">
        <metrics complexity="2" methods="1" coveredmethods="0" conditionals="0" coveredconditionals="0" statements="3" coveredstatements="0" elements="4" coveredelements="0"/>
      </class>
      <line num="15" type="method" name="redirectTo" visibility="protected" complexity="2" crap="6" count="0"/>
      <line num="17" type="stmt" count="0"/>
      <line num="18" type="stmt" count="0"/>
      <line num="20" type="stmt" count="0"/>
      <metrics loc="21" ncloc="15" classes="1" methods="1" coveredmethods="0" conditionals="0" coveredconditionals="0" statements="3" coveredstatements="0" elements="4" coveredelements="0"/>
    </file>
    <file name="/home/vexpenses/Documentos/agenda-with-api/agenda/app/Http/Middleware/AuthenticateUpdatePassword.php">
      <class name="App\Http\Middleware\AuthenticateUpdatePassword" namespace="global">
        <metrics complexity="6" methods="2" coveredmethods="1" conditionals="0" coveredconditionals="0" statements="24" coveredstatements="20" elements="26" coveredelements="21"/>
      </class>
      <line num="13" type="stmt" count="1"/>
      <line num="20" type="method" name="__construct" visibility="public" complexity="1" crap="1" count="8"/>
      <line num="22" type="stmt" count="8"/>
      <line num="23" type="stmt" count="8"/>
      <line num="32" type="method" name="handle" visibility="public" complexity="5" crap="5.15" count="8"/>
      <line num="34" type="stmt" count="8"/>
      <line num="36" type="stmt" count="8"/>
      <line num="37" type="stmt" count="0"/>
      <line num="38" type="stmt" count="0"/>
      <line num="39" type="stmt" count="0"/>
      <line num="40" type="stmt" count="0"/>
      <line num="44" type="stmt" count="8"/>
      <line num="45" type="stmt" count="8"/>
      <line num="46" type="stmt" count="8"/>
      <line num="50" type="stmt" count="8"/>
      <line num="51" type="stmt" count="8"/>
      <line num="53" type="stmt" count="1"/>
      <line num="54" type="stmt" count="1"/>
      <line num="55" type="stmt" count="1"/>
      <line num="58" type="stmt" count="1"/>
      <line num="61" type="stmt" count="7"/>
      <line num="62" type="stmt" count="7"/>
      <line num="63" type="stmt" count="1"/>
      <line num="64" type="stmt" count="1"/>
      <line num="65" type="stmt" count="1"/>
      <line num="68" type="stmt" count="1"/>
      <line num="71" type="stmt" count="6"/>
      <metrics loc="73" ncloc="63" classes="1" methods="2" coveredmethods="1" conditionals="0" coveredconditionals="0" statements="25" coveredstatements="21" elements="27" coveredelements="22"/>
    </file>
    <file name="/home/vexpenses/Documentos/agenda-with-api/agenda/app/Http/Middleware/CheckForMaintenanceMode.php">
      <class name="App\Http\Middleware\CheckForMaintenanceMode" namespace="global">
        <metrics complexity="0" methods="0" coveredmethods="0" conditionals="0" coveredconditionals="0" statements="0" coveredstatements="0" elements="0" coveredelements="0"/>
      </class>
      <metrics loc="17" ncloc="12" classes="0" methods="0" coveredmethods="0" conditionals="0" coveredconditionals="0" statements="0" coveredstatements="0" elements="0" coveredelements="0"/>
    </file>
    <file name="/home/vexpenses/Documentos/agenda-with-api/agenda/app/Http/Middleware/EncryptCookies.php">
      <class name="App\Http\Middleware\EncryptCookies" namespace="global">
        <metrics complexity="0" methods="0" coveredmethods="0" conditionals="0" coveredconditionals="0" statements="0" coveredstatements="0" elements="0" coveredelements="0"/>
      </class>
      <metrics loc="17" ncloc="12" classes="0" methods="0" coveredmethods="0" conditionals="0" coveredconditionals="0" statements="0" coveredstatements="0" elements="0" coveredelements="0"/>
    </file>
    <file name="/home/vexpenses/Documentos/agenda-with-api/agenda/app/Http/Middleware/RedirectIfAuthenticated.php">
      <class name="App\Http\Middleware\RedirectIfAuthenticated" namespace="global">
        <metrics complexity="2" methods="1" coveredmethods="0" conditionals="0" coveredconditionals="0" statements="3" coveredstatements="0" elements="4" coveredelements="0"/>
      </class>
      <line num="19" type="method" name="handle" visibility="public" complexity="2" crap="6" count="0"/>
      <line num="21" type="stmt" count="0"/>
      <line num="22" type="stmt" count="0"/>
      <line num="25" type="stmt" count="0"/>
      <metrics loc="27" ncloc="19" classes="1" methods="1" coveredmethods="0" conditionals="0" coveredconditionals="0" statements="3" coveredstatements="0" elements="4" coveredelements="0"/>
    </file>
    <file name="/home/vexpenses/Documentos/agenda-with-api/agenda/app/Http/Middleware/TrimStrings.php">
      <class name="App\Http\Middleware\TrimStrings" namespace="global">
        <metrics complexity="0" methods="0" coveredmethods="0" conditionals="0" coveredconditionals="0" statements="0" coveredstatements="0" elements="0" coveredelements="0"/>
      </class>
      <metrics loc="18" ncloc="13" classes="0" methods="0" coveredmethods="0" conditionals="0" coveredconditionals="0" statements="0" coveredstatements="0" elements="0" coveredelements="0"/>
    </file>
    <file name="/home/vexpenses/Documentos/agenda-with-api/agenda/app/Http/Middleware/TrustHosts.php">
      <class name="App\Http\Middleware\TrustHosts" namespace="global">
        <metrics complexity="1" methods="1" coveredmethods="0" conditionals="0" coveredconditionals="0" statements="1" coveredstatements="0" elements="2" coveredelements="0"/>
      </class>
      <line num="14" type="method" name="hosts" visibility="public" complexity="1" crap="2" count="0"/>
      <line num="17" type="stmt" count="0"/>
      <metrics loc="20" ncloc="15" classes="1" methods="1" coveredmethods="0" conditionals="0" coveredconditionals="0" statements="1" coveredstatements="0" elements="2" coveredelements="0"/>
    </file>
    <file name="/home/vexpenses/Documentos/agenda-with-api/agenda/app/Http/Middleware/TrustProxies.php">
      <class name="App\Http\Middleware\TrustProxies" namespace="global">
        <metrics complexity="0" methods="0" coveredmethods="0" conditionals="0" coveredconditionals="0" statements="0" coveredstatements="0" elements="0" coveredelements="0"/>
      </class>
      <metrics loc="23" ncloc="13" classes="0" methods="0" coveredmethods="0" conditionals="0" coveredconditionals="0" statements="0" coveredstatements="0" elements="0" coveredelements="0"/>
    </file>
    <file name="/home/vexpenses/Documentos/agenda-with-api/agenda/app/Http/Middleware/VerifyCsrfToken.php">
      <class name="App\Http\Middleware\VerifyCsrfToken" namespace="global">
        <metrics complexity="0" methods="0" coveredmethods="0" conditionals="0" coveredconditionals="0" statements="0" coveredstatements="0" elements="0" coveredelements="0"/>
      </class>
      <metrics loc="17" ncloc="12" classes="0" methods="0" coveredmethods="0" conditionals="0" coveredconditionals="0" statements="0" coveredstatements="0" elements="0" coveredelements="0"/>
    </file>
    <file name="/home/vexpenses/Documentos/agenda-with-api/agenda/app/Http/Requests/Address/StoreVexpensesMemberRequest.php">
      <class name="App\Http\Requests\Address\StoreVexpensesMemberRequest" namespace="global">
        <metrics complexity="4" methods="4" coveredmethods="4" conditionals="0" coveredconditionals="0" statements="4" coveredstatements="4" elements="8" coveredelements="8"/>
      </class>
      <line num="10" type="stmt" count="1"/>
      <line num="17" type="method" name="authorize" visibility="public" complexity="1" crap="1" count="6"/>
      <line num="19" type="stmt" count="6"/>
      <line num="27" type="method" name="filters" visibility="public" complexity="1" crap="1" count="6"/>
      <line num="31" type="stmt" count="6"/>
      <line num="41" type="method" name="rules" visibility="public" complexity="1" crap="1" count="6"/>
      <line num="44" type="stmt" count="6"/>
      <line num="61" type="method" name="messages" visibility="public" complexity="1" crap="1" count="6"/>
      <line num="64" type="stmt" count="6"/>
      <metrics loc="78" ncloc="58" classes="1" methods="4" coveredmethods="4" conditionals="0" coveredconditionals="0" statements="5" coveredstatements="5" elements="9" coveredelements="9"/>
    </file>
    <file name="/home/vexpenses/Documentos/agenda-with-api/agenda/app/Http/Requests/Address/UpdateRequest.php">
      <class name="App\Http\Requests\Address\UpdateRequest" namespace="global">
        <metrics complexity="4" methods="4" coveredmethods="4" conditionals="0" coveredconditionals="0" statements="4" coveredstatements="4" elements="8" coveredelements="8"/>
      </class>
      <line num="10" type="stmt" count="1"/>
      <line num="17" type="method" name="authorize" visibility="public" complexity="1" crap="1" count="4"/>
      <line num="19" type="stmt" count="4"/>
      <line num="27" type="method" name="filters" visibility="public" complexity="1" crap="1" count="4"/>
      <line num="31" type="stmt" count="4"/>
      <line num="48" type="method" name="rules" visibility="public" complexity="1" crap="1" count="4"/>
      <line num="51" type="stmt" count="4"/>
      <line num="67" type="method" name="messages" visibility="public" complexity="1" crap="1" count="4"/>
      <line num="70" type="stmt" count="4"/>
      <metrics loc="73" ncloc="53" classes="1" methods="4" coveredmethods="4" conditionals="0" coveredconditionals="0" statements="5" coveredstatements="5" elements="9" coveredelements="9"/>
    </file>
    <file name="/home/vexpenses/Documentos/agenda-with-api/agenda/app/Http/Requests/ChangePassword/UpdatePasswordRequest.php">
      <class name="App\Http\Requests\ChangePassword\UpdatePasswordRequest" namespace="global">
        <metrics complexity="4" methods="4" coveredmethods="4" conditionals="0" coveredconditionals="0" statements="4" coveredstatements="4" elements="8" coveredelements="8"/>
      </class>
      <line num="10" type="stmt" count="1"/>
      <line num="17" type="method" name="authorize" visibility="public" complexity="1" crap="1" count="6"/>
      <line num="19" type="stmt" count="6"/>
      <line num="27" type="method" name="filters" visibility="public" complexity="1" crap="1" count="6"/>
      <line num="31" type="stmt" count="6"/>
      <line num="43" type="method" name="rules" visibility="public" complexity="1" crap="1" count="6"/>
      <line num="46" type="stmt" count="6"/>
      <line num="57" type="method" name="messages" visibility="public" complexity="1" crap="1" count="6"/>
      <line num="60" type="stmt" count="6"/>
      <metrics loc="70" ncloc="50" classes="1" methods="4" coveredmethods="4" conditionals="0" coveredconditionals="0" statements="5" coveredstatements="5" elements="9" coveredelements="9"/>
    </file>
    <file name="/home/vexpenses/Documentos/agenda-with-api/agenda/app/Http/Requests/Contact/IndexRequest.php">
      <class name="App\Http\Requests\Contact\IndexRequest" namespace="global">
        <metrics complexity="3" methods="3" coveredmethods="2" conditionals="0" coveredconditionals="0" statements="3" coveredstatements="2" elements="6" coveredelements="4"/>
      </class>
      <line num="14" type="method" name="authorize" visibility="public" complexity="1" crap="1" count="3"/>
      <line num="16" type="stmt" count="3"/>
      <line num="24" type="method" name="filters" visibility="public" complexity="1" crap="2" count="0"/>
      <line num="28" type="stmt" count="0"/>
      <line num="38" type="method" name="rules" visibility="public" complexity="1" crap="1" count="3"/>
      <line num="41" type="stmt" count="3"/>
      <metrics loc="44" ncloc="29" classes="1" methods="3" coveredmethods="2" conditionals="0" coveredconditionals="0" statements="3" coveredstatements="2" elements="6" coveredelements="4"/>
    </file>
    <file name="/home/vexpenses/Documentos/agenda-with-api/agenda/app/Http/Requests/Contact/StoreRequest.php">
      <class name="App\Http\Requests\Contact\StoreRequest" namespace="global">
        <metrics complexity="4" methods="4" coveredmethods="4" conditionals="0" coveredconditionals="0" statements="18" coveredstatements="18" elements="22" coveredelements="22"/>
      </class>
      <line num="11" type="stmt" count="1"/>
      <line num="18" type="method" name="authorize" visibility="public" complexity="1" crap="1" count="6"/>
      <line num="20" type="stmt" count="6"/>
      <line num="28" type="method" name="filters" visibility="public" complexity="1" crap="1" count="6"/>
      <line num="32" type="stmt" count="6"/>
      <line num="45" type="method" name="rules" visibility="public" complexity="1" crap="1" count="6"/>
      <line num="49" type="stmt" count="6"/>
      <line num="50" type="stmt" count="6"/>
      <line num="52" type="stmt" count="6"/>
      <line num="53" type="stmt" count="6"/>
      <line num="54" type="stmt" count="6"/>
      <line num="55" type="stmt" count="6"/>
      <line num="56" type="stmt" count="6"/>
      <line num="57" type="stmt" count="6"/>
      <line num="58" type="stmt" count="6"/>
      <line num="59" type="stmt" count="6"/>
      <line num="60" type="stmt" count="6"/>
      <line num="61" type="stmt" count="6"/>
      <line num="62" type="stmt" count="6"/>
      <line num="63" type="stmt" count="6"/>
      <line num="64" type="stmt" count="6"/>
      <line num="73" type="method" name="messages" visibility="public" complexity="1" crap="1" count="6"/>
      <line num="76" type="stmt" count="6"/>
      <metrics loc="95" ncloc="75" classes="1" methods="4" coveredmethods="4" conditionals="0" coveredconditionals="0" statements="19" coveredstatements="19" elements="23" coveredelements="23"/>
    </file>
    <file name="/home/vexpenses/Documentos/agenda-with-api/agenda/app/Http/Requests/Contact/UpdateRequest.php">
      <class name="App\Http\Requests\Contact\UpdateRequest" namespace="global">
        <metrics complexity="4" methods="4" coveredmethods="4" conditionals="0" coveredconditionals="0" statements="5" coveredstatements="5" elements="9" coveredelements="9"/>
      </class>
      <line num="11" type="stmt" count="1"/>
      <line num="18" type="method" name="authorize" visibility="public" complexity="1" crap="1" count="2"/>
      <line num="20" type="stmt" count="2"/>
      <line num="28" type="method" name="filters" visibility="public" complexity="1" crap="1" count="2"/>
      <line num="32" type="stmt" count="2"/>
      <line num="42" type="method" name="rules" visibility="public" complexity="1" crap="1" count="2"/>
      <line num="46" type="stmt" count="2"/>
      <line num="47" type="stmt" count="2"/>
      <line num="57" type="method" name="messages" visibility="public" complexity="1" crap="1" count="2"/>
      <line num="60" type="stmt" count="2"/>
      <metrics loc="63" ncloc="43" classes="1" methods="4" coveredmethods="4" conditionals="0" coveredconditionals="0" statements="6" coveredstatements="6" elements="10" coveredelements="10"/>
    </file>
    <file name="/home/vexpenses/Documentos/agenda-with-api/agenda/app/Http/Requests/Tag/AttachOrDetachRequest.php">
      <class name="App\Http\Requests\Tag\AttachOrDetachRequest" namespace="global">
        <metrics complexity="4" methods="4" coveredmethods="3" conditionals="0" coveredconditionals="0" statements="4" coveredstatements="3" elements="8" coveredelements="6"/>
      </class>
      <line num="17" type="method" name="authorize" visibility="public" complexity="1" crap="1" count="10"/>
      <line num="19" type="stmt" count="10"/>
      <line num="27" type="method" name="filters" visibility="public" complexity="1" crap="2" count="0"/>
      <line num="31" type="stmt" count="0"/>
      <line num="41" type="method" name="rules" visibility="public" complexity="1" crap="1" count="10"/>
      <line num="44" type="stmt" count="10"/>
      <line num="53" type="method" name="messages" visibility="public" complexity="1" crap="1" count="10"/>
      <line num="56" type="stmt" count="10"/>
      <metrics loc="60" ncloc="39" classes="1" methods="4" coveredmethods="3" conditionals="0" coveredconditionals="0" statements="4" coveredstatements="3" elements="8" coveredelements="6"/>
    </file>
    <file name="/home/vexpenses/Documentos/agenda-with-api/agenda/app/Http/Requests/Tag/IndexRequest.php">
      <class name="App\Http\Requests\Tag\IndexRequest" namespace="global">
        <metrics complexity="3" methods="3" coveredmethods="2" conditionals="0" coveredconditionals="0" statements="3" coveredstatements="2" elements="6" coveredelements="4"/>
      </class>
      <line num="14" type="method" name="authorize" visibility="public" complexity="1" crap="1" count="1"/>
      <line num="16" type="stmt" count="1"/>
      <line num="24" type="method" name="filters" visibility="public" complexity="1" crap="2" count="0"/>
      <line num="28" type="stmt" count="0"/>
      <line num="38" type="method" name="rules" visibility="public" complexity="1" crap="1" count="1"/>
      <line num="41" type="stmt" count="1"/>
      <metrics loc="44" ncloc="29" classes="1" methods="3" coveredmethods="2" conditionals="0" coveredconditionals="0" statements="3" coveredstatements="2" elements="6" coveredelements="4"/>
    </file>
    <file name="/home/vexpenses/Documentos/agenda-with-api/agenda/app/Http/Requests/Tag/StoreRequest.php">
      <class name="App\Http\Requests\Tag\StoreRequest" namespace="global">
        <metrics complexity="4" methods="4" coveredmethods="4" conditionals="0" coveredconditionals="0" statements="5" coveredstatements="5" elements="9" coveredelements="9"/>
      </class>
      <line num="11" type="stmt" count="1"/>
      <line num="18" type="method" name="authorize" visibility="public" complexity="1" crap="1" count="1"/>
      <line num="20" type="stmt" count="1"/>
      <line num="28" type="method" name="filters" visibility="public" complexity="1" crap="1" count="1"/>
      <line num="32" type="stmt" count="1"/>
      <line num="42" type="method" name="rules" visibility="public" complexity="1" crap="1" count="1"/>
      <line num="46" type="stmt" count="1"/>
      <line num="47" type="stmt" count="1"/>
      <line num="57" type="method" name="messages" visibility="public" complexity="1" crap="1" count="1"/>
      <line num="60" type="stmt" count="1"/>
      <metrics loc="63" ncloc="43" classes="1" methods="4" coveredmethods="4" conditionals="0" coveredconditionals="0" statements="6" coveredstatements="6" elements="10" coveredelements="10"/>
    </file>
    <file name="/home/vexpenses/Documentos/agenda-with-api/agenda/app/Http/Requests/Tag/UpdateRequest.php">
      <class name="App\Http\Requests\Tag\UpdateRequest" namespace="global">
        <metrics complexity="3" methods="3" coveredmethods="3" conditionals="0" coveredconditionals="0" statements="4" coveredstatements="4" elements="7" coveredelements="7"/>
      </class>
      <line num="11" type="stmt" count="1"/>
      <line num="18" type="method" name="authorize" visibility="public" complexity="1" crap="1" count="2"/>
      <line num="20" type="stmt" count="2"/>
      <line num="28" type="method" name="filters" visibility="public" complexity="1" crap="1" count="2"/>
      <line num="32" type="stmt" count="2"/>
      <line num="42" type="method" name="rules" visibility="public" complexity="1" crap="1" count="2"/>
      <line num="46" type="stmt" count="2"/>
      <line num="47" type="stmt" count="2"/>
      <metrics loc="51" ncloc="36" classes="1" methods="3" coveredmethods="3" conditionals="0" coveredconditionals="0" statements="5" coveredstatements="5" elements="8" coveredelements="8"/>
    </file>
    <file name="/home/vexpenses/Documentos/agenda-with-api/agenda/app/Http/Requests/Traits/SanitizesInput.php">
      <class name="App\Http\Requests\Traits\SanitizesInput" namespace="global">
        <metrics complexity="12" methods="5" coveredmethods="3" conditionals="0" coveredconditionals="0" statements="23" coveredstatements="20" elements="28" coveredelements="23"/>
      </class>
      <line num="15" type="method" name="validateResolved" visibility="public" complexity="5" crap="5.27" count="29"/>
      <line num="17" type="stmt" count="29"/>
      <line num="19" type="stmt" count="29"/>
      <line num="20" type="stmt" count="0"/>
      <line num="23" type="stmt" count="29"/>
      <line num="25" type="stmt" count="17"/>
      <line num="26" type="stmt" count="17"/>
      <line num="29" type="stmt" count="17"/>
      <line num="30" type="stmt" count="0"/>
      <line num="32" type="stmt" count="17"/>
      <line num="40" type="method" name="hasBefore" visibility="private" complexity="2" crap="2" count="29"/>
      <line num="42" type="stmt" count="29"/>
      <line num="44" type="stmt" count="29"/>
      <line num="53" type="method" name="hasAfter" visibility="private" complexity="2" crap="2" count="17"/>
      <line num="55" type="stmt" count="17"/>
      <line num="57" type="stmt" count="17"/>
      <line num="66" type="method" name="sanitize" visibility="public" complexity="2" crap="2" count="17"/>
      <line num="68" type="stmt" count="17"/>
      <line num="72" type="stmt" count="17"/>
      <line num="75" type="stmt" count="17"/>
      <line num="77" type="stmt" count="17"/>
      <line num="79" type="stmt" count="17"/>
      <line num="81" type="stmt" count="17"/>
      <line num="82" type="stmt" count="17"/>
      <line num="85" type="stmt" count="17"/>
      <line num="86" type="stmt" count="17"/>
      <line num="93" type="method" name="filters" visibility="public" complexity="1" crap="2" count="0"/>
      <line num="95" type="stmt" count="0"/>
      <metrics loc="97" ncloc="69" classes="1" methods="5" coveredmethods="3" conditionals="0" coveredconditionals="0" statements="23" coveredstatements="20" elements="28" coveredelements="23"/>
    </file>
    <file name="/home/vexpenses/Documentos/agenda-with-api/agenda/app/Http/Requests/User/LoginRequest.php">
      <class name="App\Http\Requests\User\LoginRequest" namespace="global">
        <metrics complexity="4" methods="4" coveredmethods="3" conditionals="0" coveredconditionals="0" statements="4" coveredstatements="3" elements="8" coveredelements="6"/>
      </class>
      <line num="14" type="method" name="authorize" visibility="public" complexity="1" crap="1" count="3"/>
      <line num="16" type="stmt" count="3"/>
      <line num="24" type="method" name="filters" visibility="public" complexity="1" crap="2" count="0"/>
      <line num="28" type="stmt" count="0"/>
      <line num="39" type="method" name="rules" visibility="public" complexity="1" crap="1" count="3"/>
      <line num="42" type="stmt" count="3"/>
      <line num="52" type="method" name="messages" visibility="public" complexity="1" crap="1" count="3"/>
      <line num="55" type="stmt" count="3"/>
      <metrics loc="62" ncloc="42" classes="1" methods="4" coveredmethods="3" conditionals="0" coveredconditionals="0" statements="4" coveredstatements="3" elements="8" coveredelements="6"/>
    </file>
    <file name="/home/vexpenses/Documentos/agenda-with-api/agenda/app/Http/Requests/User/RegisterRequest.php">
      <class name="App\Http\Requests\User\RegisterRequest" namespace="global">
        <metrics complexity="4" methods="4" coveredmethods="3" conditionals="0" coveredconditionals="0" statements="4" coveredstatements="3" elements="8" coveredelements="6"/>
      </class>
      <line num="14" type="method" name="authorize" visibility="public" complexity="1" crap="1" count="3"/>
      <line num="16" type="stmt" count="3"/>
      <line num="24" type="method" name="filters" visibility="public" complexity="1" crap="2" count="0"/>
      <line num="28" type="stmt" count="0"/>
      <line num="41" type="method" name="rules" visibility="public" complexity="1" crap="1" count="3"/>
      <line num="44" type="stmt" count="3"/>
      <line num="56" type="method" name="messages" visibility="public" complexity="1" crap="1" count="3"/>
      <line num="59" type="stmt" count="3"/>
      <metrics loc="72" ncloc="52" classes="1" methods="4" coveredmethods="3" conditionals="0" coveredconditionals="0" statements="4" coveredstatements="3" elements="8" coveredelements="6"/>
    </file>
    <file name="/home/vexpenses/Documentos/agenda-with-api/agenda/app/Http/Requests/User/UpdateRequest.php">
      <class name="App\Http\Requests\User\UpdateRequest" namespace="global">
        <metrics complexity="4" methods="4" coveredmethods="3" conditionals="0" coveredconditionals="0" statements="4" coveredstatements="3" elements="8" coveredelements="6"/>
      </class>
      <line num="14" type="method" name="authorize" visibility="public" complexity="1" crap="1" count="1"/>
      <line num="16" type="stmt" count="1"/>
      <line num="24" type="method" name="filters" visibility="public" complexity="1" crap="2" count="0"/>
      <line num="28" type="stmt" count="0"/>
      <line num="39" type="method" name="rules" visibility="public" complexity="1" crap="1" count="1"/>
      <line num="42" type="stmt" count="1"/>
      <line num="52" type="method" name="messages" visibility="public" complexity="1" crap="1" count="1"/>
      <line num="55" type="stmt" count="1"/>
      <metrics loc="59" ncloc="39" classes="1" methods="4" coveredmethods="3" conditionals="0" coveredconditionals="0" statements="4" coveredstatements="3" elements="8" coveredelements="6"/>
    </file>
    <file name="/home/vexpenses/Documentos/agenda-with-api/agenda/app/Http/Requests/Vexpenses/AccessTokenRequest.php">
      <class name="App\Http\Requests\Vexpenses\AccessTokenRequest" namespace="global">
        <metrics complexity="4" methods="4" coveredmethods="4" conditionals="0" coveredconditionals="0" statements="4" coveredstatements="4" elements="8" coveredelements="8"/>
      </class>
      <line num="10" type="stmt" count="1"/>
      <line num="17" type="method" name="authorize" visibility="public" complexity="1" crap="1" count="2"/>
      <line num="19" type="stmt" count="2"/>
      <line num="27" type="method" name="filters" visibility="public" complexity="1" crap="1" count="2"/>
      <line num="31" type="stmt" count="2"/>
      <line num="41" type="method" name="rules" visibility="public" complexity="1" crap="1" count="2"/>
      <line num="44" type="stmt" count="2"/>
      <line num="53" type="method" name="messages" visibility="public" complexity="1" crap="1" count="2"/>
      <line num="56" type="stmt" count="2"/>
      <metrics loc="60" ncloc="40" classes="1" methods="4" coveredmethods="4" conditionals="0" coveredconditionals="0" statements="5" coveredstatements="5" elements="9" coveredelements="9"/>
    </file>
    <file name="/home/vexpenses/Documentos/agenda-with-api/agenda/app/Http/Resources/Address/AddressResource.php">
      <class name="App\Http\Resources\Address\AddressResource" namespace="global">
        <metrics complexity="1" methods="1" coveredmethods="1" conditionals="0" coveredconditionals="0" statements="9" coveredstatements="9" elements="10" coveredelements="10"/>
      </class>
      <line num="15" type="method" name="toArray" visibility="public" complexity="1" crap="1" count="6"/>
      <line num="18" type="stmt" count="6"/>
      <line num="19" type="stmt" count="6"/>
      <line num="20" type="stmt" count="6"/>
      <line num="21" type="stmt" count="6"/>
      <line num="22" type="stmt" count="6"/>
      <line num="23" type="stmt" count="6"/>
      <line num="24" type="stmt" count="6"/>
      <line num="25" type="stmt" count="6"/>
      <line num="26" type="stmt" count="6"/>
      <metrics loc="29" ncloc="23" classes="1" methods="1" coveredmethods="1" conditionals="0" coveredconditionals="0" statements="9" coveredstatements="9" elements="10" coveredelements="10"/>
    </file>
    <file name="/home/vexpenses/Documentos/agenda-with-api/agenda/app/Http/Resources/Address/AddressViaCepResource.php">
      <class name="App\Http\Resources\Address\AddressViaCepResource" namespace="global">
        <metrics complexity="1" methods="1" coveredmethods="1" conditionals="0" coveredconditionals="0" statements="5" coveredstatements="5" elements="6" coveredelements="6"/>
      </class>
      <line num="15" type="method" name="toArray" visibility="public" complexity="1" crap="1" count="1"/>
      <line num="18" type="stmt" count="1"/>
      <line num="19" type="stmt" count="1"/>
      <line num="20" type="stmt" count="1"/>
      <line num="21" type="stmt" count="1"/>
      <line num="22" type="stmt" count="1"/>
      <metrics loc="25" ncloc="19" classes="1" methods="1" coveredmethods="1" conditionals="0" coveredconditionals="0" statements="5" coveredstatements="5" elements="6" coveredelements="6"/>
    </file>
    <file name="/home/vexpenses/Documentos/agenda-with-api/agenda/app/Http/Resources/AuthenticateToken/AuthenticateTokenResource.php">
      <class name="App\Http\Resources\AuthenticateToken\AuthenticateTokenResource" namespace="global">
        <metrics complexity="1" methods="1" coveredmethods="1" conditionals="0" coveredconditionals="0" statements="2" coveredstatements="2" elements="3" coveredelements="3"/>
      </class>
      <line num="15" type="method" name="toArray" visibility="public" complexity="1" crap="1" count="1"/>
      <line num="18" type="stmt" count="1"/>
      <line num="19" type="stmt" count="1"/>
      <metrics loc="22" ncloc="16" classes="1" methods="1" coveredmethods="1" conditionals="0" coveredconditionals="0" statements="2" coveredstatements="2" elements="3" coveredelements="3"/>
    </file>
    <file name="/home/vexpenses/Documentos/agenda-with-api/agenda/app/Http/Resources/BaseCollectionResource.php">
      <class name="App\Http\Resources\BaseCollectionResource" namespace="global">
        <metrics complexity="1" methods="1" coveredmethods="1" conditionals="0" coveredconditionals="0" statements="1" coveredstatements="1" elements="2" coveredelements="2"/>
      </class>
      <line num="15" type="method" name="toArray" visibility="public" complexity="1" crap="1" count="5"/>
      <line num="17" type="stmt" count="5"/>
      <metrics loc="19" ncloc="13" classes="1" methods="1" coveredmethods="1" conditionals="0" coveredconditionals="0" statements="1" coveredstatements="1" elements="2" coveredelements="2"/>
    </file>
    <file name="/home/vexpenses/Documentos/agenda-with-api/agenda/app/Http/Resources/Contact/ContactCollectionResource.php">
      <class name="App\Http\Resources\Contact\ContactCollectionResource" namespace="global">
        <metrics complexity="0" methods="0" coveredmethods="0" conditionals="0" coveredconditionals="0" statements="0" coveredstatements="0" elements="0" coveredelements="0"/>
      </class>
      <metrics loc="10" ncloc="10" classes="0" methods="0" coveredmethods="0" conditionals="0" coveredconditionals="0" statements="0" coveredstatements="0" elements="0" coveredelements="0"/>
    </file>
    <file name="/home/vexpenses/Documentos/agenda-with-api/agenda/app/Http/Resources/Contact/ContactDetailsResource.php">
      <class name="App\Http\Resources\Contact\ContactDetailsResource" namespace="global">
        <metrics complexity="4" methods="1" coveredmethods="1" conditionals="0" coveredconditionals="0" statements="10" coveredstatements="10" elements="11" coveredelements="11"/>
      </class>
      <line num="18" type="method" name="toArray" visibility="public" complexity="4" crap="4" count="5"/>
      <line num="21" type="stmt" count="5"/>
      <line num="22" type="stmt" count="5"/>
      <line num="23" type="stmt" count="5"/>
      <line num="24" type="stmt" count="5"/>
      <line num="25" type="stmt" count="5"/>
      <line num="26" type="stmt" count="5"/>
      <line num="27" type="stmt" count="5"/>
      <line num="28" type="stmt" count="5"/>
      <line num="29" type="stmt" count="5"/>
      <line num="30" type="stmt" count="1"/>
      <metrics loc="33" ncloc="27" classes="1" methods="1" coveredmethods="1" conditionals="0" coveredconditionals="0" statements="10" coveredstatements="10" elements="11" coveredelements="11"/>
    </file>
    <file name="/home/vexpenses/Documentos/agenda-with-api/agenda/app/Http/Resources/Contact/ContactIndexResource.php">
      <class name="App\Http\Resources\Contact\ContactIndexResource" namespace="global">
        <metrics complexity="2" methods="2" coveredmethods="2" conditionals="0" coveredconditionals="0" statements="7" coveredstatements="7" elements="9" coveredelements="9"/>
      </class>
      <line num="15" type="method" name="toArray" visibility="public" complexity="1" crap="1" count="3"/>
      <line num="17" type="stmt" count="3"/>
      <line num="20" type="stmt" count="3"/>
      <line num="21" type="stmt" count="3"/>
      <line num="22" type="stmt" count="3"/>
      <line num="29" type="method" name="firstPhoneContact" visibility="private" complexity="1" crap="1" count="3"/>
      <line num="32" type="stmt" count="3"/>
      <line num="33" type="stmt" count="3"/>
      <line num="34" type="stmt" count="3"/>
      <metrics loc="36" ncloc="27" classes="1" methods="2" coveredmethods="2" conditionals="0" coveredconditionals="0" statements="7" coveredstatements="7" elements="9" coveredelements="9"/>
    </file>
    <file name="/home/vexpenses/Documentos/agenda-with-api/agenda/app/Http/Resources/Phone/PhoneResource.php">
      <class name="App\Http\Resources\Phone\PhoneResource" namespace="global">
        <metrics complexity="1" methods="1" coveredmethods="1" conditionals="0" coveredconditionals="0" statements="2" coveredstatements="2" elements="3" coveredelements="3"/>
      </class>
      <line num="15" type="method" name="toArray" visibility="public" complexity="1" crap="1" count="5"/>
      <line num="18" type="stmt" count="5"/>
      <line num="19" type="stmt" count="5"/>
      <metrics loc="22" ncloc="16" classes="1" methods="1" coveredmethods="1" conditionals="0" coveredconditionals="0" statements="2" coveredstatements="2" elements="3" coveredelements="3"/>
    </file>
    <file name="/home/vexpenses/Documentos/agenda-with-api/agenda/app/Http/Resources/Tag/TagCollectionResource.php">
      <class name="App\Http\Resources\Tag\TagCollectionResource" namespace="global">
        <metrics complexity="0" methods="0" coveredmethods="0" conditionals="0" coveredconditionals="0" statements="0" coveredstatements="0" elements="0" coveredelements="0"/>
      </class>
      <metrics loc="10" ncloc="10" classes="0" methods="0" coveredmethods="0" conditionals="0" coveredconditionals="0" statements="0" coveredstatements="0" elements="0" coveredelements="0"/>
    </file>
    <file name="/home/vexpenses/Documentos/agenda-with-api/agenda/app/Http/Resources/Tag/TagResource.php">
      <class name="App\Http\Resources\Tag\TagResource" namespace="global">
        <metrics complexity="1" methods="1" coveredmethods="1" conditionals="0" coveredconditionals="0" statements="2" coveredstatements="2" elements="3" coveredelements="3"/>
      </class>
      <line num="15" type="method" name="toArray" visibility="public" complexity="1" crap="1" count="4"/>
      <line num="18" type="stmt" count="4"/>
      <line num="19" type="stmt" count="4"/>
      <metrics loc="22" ncloc="16" classes="1" methods="1" coveredmethods="1" conditionals="0" coveredconditionals="0" statements="2" coveredstatements="2" elements="3" coveredelements="3"/>
    </file>
    <file name="/home/vexpenses/Documentos/agenda-with-api/agenda/app/Http/Resources/TagContact/TagContactIndexResource.php">
      <class name="App\Http\Resources\TagContact\TagContactIndexResource" namespace="global">
        <metrics complexity="1" methods="1" coveredmethods="1" conditionals="0" coveredconditionals="0" statements="3" coveredstatements="3" elements="4" coveredelements="4"/>
      </class>
      <line num="15" type="method" name="toArray" visibility="public" complexity="1" crap="1" count="1"/>
      <line num="18" type="stmt" count="1"/>
      <line num="19" type="stmt" count="1"/>
      <line num="20" type="stmt" count="1"/>
      <metrics loc="23" ncloc="17" classes="1" methods="1" coveredmethods="1" conditionals="0" coveredconditionals="0" statements="3" coveredstatements="3" elements="4" coveredelements="4"/>
    </file>
    <file name="/home/vexpenses/Documentos/agenda-with-api/agenda/app/Http/Resources/User/ChangePasswordResource.php">
      <class name="App\Http\Resources\User\ChangePasswordResource" namespace="global">
        <metrics complexity="1" methods="1" coveredmethods="1" conditionals="0" coveredconditionals="0" statements="2" coveredstatements="2" elements="3" coveredelements="3"/>
      </class>
      <line num="15" type="method" name="toArray" visibility="public" complexity="1" crap="1" count="1"/>
      <line num="18" type="stmt" count="1"/>
      <line num="19" type="stmt" count="1"/>
      <metrics loc="22" ncloc="16" classes="1" methods="1" coveredmethods="1" conditionals="0" coveredconditionals="0" statements="2" coveredstatements="2" elements="3" coveredelements="3"/>
    </file>
    <file name="/home/vexpenses/Documentos/agenda-with-api/agenda/app/Http/Resources/User/UserResource.php">
      <class name="App\Http\Resources\User\UserResource" namespace="global">
        <metrics complexity="1" methods="1" coveredmethods="1" conditionals="0" coveredconditionals="0" statements="3" coveredstatements="3" elements="4" coveredelements="4"/>
      </class>
      <line num="15" type="method" name="toArray" visibility="public" complexity="1" crap="1" count="3"/>
      <line num="18" type="stmt" count="3"/>
      <line num="19" type="stmt" count="3"/>
      <line num="20" type="stmt" count="3"/>
      <metrics loc="23" ncloc="17" classes="1" methods="1" coveredmethods="1" conditionals="0" coveredconditionals="0" statements="3" coveredstatements="3" elements="4" coveredelements="4"/>
    </file>
    <file name="/home/vexpenses/Documentos/agenda-with-api/agenda/app/Http/Resources/Vexpenses/Phone/PhoneResource.php">
      <class name="App\Http\Resources\Vexpenses\Phone\PhoneResource" namespace="global">
        <metrics complexity="1" methods="1" coveredmethods="1" conditionals="0" coveredconditionals="0" statements="1" coveredstatements="1" elements="2" coveredelements="2"/>
      </class>
      <line num="15" type="method" name="toArray" visibility="public" complexity="1" crap="1" count="1"/>
      <line num="18" type="stmt" count="1"/>
      <metrics loc="21" ncloc="15" classes="1" methods="1" coveredmethods="1" conditionals="0" coveredconditionals="0" statements="1" coveredstatements="1" elements="2" coveredelements="2"/>
    </file>
    <file name="/home/vexpenses/Documentos/agenda-with-api/agenda/app/Http/Resources/Vexpenses/TeamMembersCollectionResource.php">
      <class name="App\Http\Resources\Vexpenses\TeamMembersCollectionResource" namespace="global">
        <metrics complexity="0" methods="0" coveredmethods="0" conditionals="0" coveredconditionals="0" statements="0" coveredstatements="0" elements="0" coveredelements="0"/>
      </class>
      <metrics loc="11" ncloc="11" classes="0" methods="0" coveredmethods="0" conditionals="0" coveredconditionals="0" statements="0" coveredstatements="0" elements="0" coveredelements="0"/>
    </file>
    <file name="/home/vexpenses/Documentos/agenda-with-api/agenda/app/Http/Resources/Vexpenses/TeamMembersResource.php">
      <class name="App\Http\Resources\Vexpenses\TeamMembersResource" namespace="global">
        <metrics complexity="1" methods="1" coveredmethods="1" conditionals="0" coveredconditionals="0" statements="5" coveredstatements="5" elements="6" coveredelements="6"/>
      </class>
      <line num="16" type="method" name="toArray" visibility="public" complexity="1" crap="1" count="1"/>
      <line num="19" type="stmt" count="1"/>
      <line num="20" type="stmt" count="1"/>
      <line num="21" type="stmt" count="1"/>
      <line num="22" type="stmt" count="1"/>
      <line num="23" type="stmt" count="1"/>
      <metrics loc="26" ncloc="20" classes="1" methods="1" coveredmethods="1" conditionals="0" coveredconditionals="0" statements="5" coveredstatements="5" elements="6" coveredelements="6"/>
    </file>
    <file name="/home/vexpenses/Documentos/agenda-with-api/agenda/app/Http/Resources/Vexpenses/VexpensesResource.php">
      <class name="App\Http\Resources\Vexpenses\VexpensesResource" namespace="global">
        <metrics complexity="1" methods="1" coveredmethods="1" conditionals="0" coveredconditionals="0" statements="1" coveredstatements="1" elements="2" coveredelements="2"/>
      </class>
      <line num="15" type="method" name="toArray" visibility="public" complexity="1" crap="1" count="1"/>
      <line num="18" type="stmt" count="1"/>
      <metrics loc="21" ncloc="15" classes="1" methods="1" coveredmethods="1" conditionals="0" coveredconditionals="0" statements="1" coveredstatements="1" elements="2" coveredelements="2"/>
    </file>
    <file name="/home/vexpenses/Documentos/agenda-with-api/agenda/app/Http/Responses/DefaultResponse.php">
      <class name="App\Http\Responses\DefaultResponse" namespace="global">
        <metrics complexity="11" methods="4" coveredmethods="2" conditionals="0" coveredconditionals="0" statements="28" coveredstatements="17" elements="32" coveredelements="19"/>
      </class>
      <line num="23" type="method" name="__construct" visibility="public" complexity="6" crap="6.06" count="89"/>
      <line num="29" type="stmt" count="89"/>
      <line num="30" type="stmt" count="89"/>
      <line num="31" type="stmt" count="89"/>
      <line num="32" type="stmt" count="89"/>
      <line num="33" type="stmt" count="89"/>
      <line num="36" type="stmt" count="89"/>
      <line num="37" type="stmt" count="67"/>
      <line num="38" type="stmt" count="22"/>
      <line num="41" type="stmt" count="89"/>
      <line num="42" type="stmt" count="0"/>
      <line num="46" type="stmt" count="89"/>
      <line num="47" type="stmt" count="62"/>
      <line num="48" type="stmt" count="62"/>
      <line num="49" type="stmt" count="0"/>
      <line num="52" type="stmt" count="62"/>
      <line num="53" type="stmt" count="62"/>
      <line num="55" type="stmt" count="89"/>
      <line num="62" type="method" name="toArray" visibility="public" complexity="1" crap="1" count="89"/>
      <line num="64" type="stmt" count="89"/>
      <line num="75" type="method" name="__get" visibility="public" complexity="1" crap="1" count="75"/>
      <line num="77" type="stmt" count="75"/>
      <line num="87" type="method" name="formatPaginatedData" visibility="private" complexity="3" crap="12" count="0"/>
      <line num="89" type="stmt" count="0"/>
      <line num="92" type="stmt" count="0"/>
      <line num="93" type="stmt" count="0"/>
      <line num="94" type="stmt" count="0"/>
      <line num="98" type="stmt" count="0"/>
      <line num="100" type="stmt" count="0"/>
      <line num="102" type="stmt" count="0"/>
      <line num="103" type="stmt" count="0"/>
      <line num="105" type="stmt" count="0"/>
      <metrics loc="106" ncloc="77" classes="1" methods="4" coveredmethods="2" conditionals="0" coveredconditionals="0" statements="28" coveredstatements="17" elements="32" coveredelements="19"/>
    </file>
    <file name="/home/vexpenses/Documentos/agenda-with-api/agenda/app/Models/Address.php">
      <class name="App\Models\Address" namespace="global">
        <metrics complexity="1" methods="1" coveredmethods="1" conditionals="0" coveredconditionals="0" statements="1" coveredstatements="1" elements="2" coveredelements="2"/>
      </class>
      <line num="11" type="stmt" count="1"/>
      <line num="12" type="stmt" count="1"/>
      <line num="41" type="method" name="contact" visibility="public" complexity="1" crap="1" count="5"/>
      <line num="43" type="stmt" count="5"/>
      <metrics loc="45" ncloc="32" classes="1" methods="1" coveredmethods="1" conditionals="0" coveredconditionals="0" statements="3" coveredstatements="3" elements="4" coveredelements="4"/>
    </file>
    <file name="/home/vexpenses/Documentos/agenda-with-api/agenda/app/Models/AuthenticateToken.php">
      <class name="App\Models\AuthenticateToken" namespace="global">
        <metrics complexity="1" methods="1" coveredmethods="1" conditionals="0" coveredconditionals="0" statements="1" coveredstatements="1" elements="2" coveredelements="2"/>
      </class>
      <line num="11" type="stmt" count="1"/>
      <line num="12" type="stmt" count="1"/>
      <line num="28" type="method" name="user" visibility="public" complexity="1" crap="1" count="59"/>
      <line num="30" type="stmt" count="59"/>
      <metrics loc="32" ncloc="24" classes="1" methods="1" coveredmethods="1" conditionals="0" coveredconditionals="0" statements="3" coveredstatements="3" elements="4" coveredelements="4"/>
    </file>
    <file name="/home/vexpenses/Documentos/agenda-with-api/agenda/app/Models/ChangePassword.php">
      <class name="App\Models\ChangePassword" namespace="global">
        <metrics complexity="1" methods="1" coveredmethods="1" conditionals="0" coveredconditionals="0" statements="1" coveredstatements="1" elements="2" coveredelements="2"/>
      </class>
      <line num="11" type="stmt" count="1"/>
      <line num="12" type="stmt" count="1"/>
      <line num="35" type="method" name="user" visibility="public" complexity="1" crap="1" count="1"/>
      <line num="37" type="stmt" count="1"/>
      <metrics loc="39" ncloc="26" classes="1" methods="1" coveredmethods="1" conditionals="0" coveredconditionals="0" statements="3" coveredstatements="3" elements="4" coveredelements="4"/>
    </file>
    <file name="/home/vexpenses/Documentos/agenda-with-api/agenda/app/Models/Contact.php">
      <class name="App\Models\Contact" namespace="global">
        <metrics complexity="5" methods="5" coveredmethods="5" conditionals="0" coveredconditionals="0" statements="5" coveredstatements="5" elements="10" coveredelements="10"/>
      </class>
      <line num="12" type="stmt" count="1"/>
      <line num="13" type="stmt" count="1"/>
      <line num="14" type="stmt" count="1"/>
      <line num="41" type="method" name="user" visibility="public" complexity="1" crap="1" count="2"/>
      <line num="43" type="stmt" count="2"/>
      <line num="49" type="method" name="adresses" visibility="public" complexity="1" crap="1" count="27"/>
      <line num="51" type="stmt" count="27"/>
      <line num="57" type="method" name="phones" visibility="public" complexity="1" crap="1" count="24"/>
      <line num="59" type="stmt" count="24"/>
      <line num="65" type="method" name="tagContacts" visibility="public" complexity="1" crap="1" count="16"/>
      <line num="67" type="stmt" count="16"/>
      <line num="73" type="method" name="tags" visibility="public" complexity="1" crap="1" count="6"/>
      <line num="75" type="stmt" count="6"/>
      <metrics loc="77" ncloc="52" classes="1" methods="5" coveredmethods="5" conditionals="0" coveredconditionals="0" statements="8" coveredstatements="8" elements="13" coveredelements="13"/>
    </file>
    <file name="/home/vexpenses/Documentos/agenda-with-api/agenda/app/Models/ExternalToken.php">
      <class name="App\Models\ExternalToken" namespace="global">
        <metrics complexity="3" methods="2" coveredmethods="2" conditionals="0" coveredconditionals="0" statements="8" coveredstatements="8" elements="10" coveredelements="10"/>
      </class>
      <line num="12" type="stmt" count="1"/>
      <line num="13" type="stmt" count="1"/>
      <line num="30" type="method" name="user" visibility="public" complexity="1" crap="1" count="3"/>
      <line num="32" type="stmt" count="3"/>
      <line num="38" type="method" name="setTypeAttribute" visibility="public" complexity="2" crap="2" count="2"/>
      <line num="40" type="stmt" count="2"/>
      <line num="41" type="stmt" count="2"/>
      <line num="42" type="stmt" count="1"/>
      <line num="43" type="stmt" count="1"/>
      <line num="44" type="stmt" count="1"/>
      <line num="47" type="stmt" count="1"/>
      <line num="48" type="stmt" count="1"/>
      <metrics loc="49" ncloc="38" classes="1" methods="2" coveredmethods="2" conditionals="0" coveredconditionals="0" statements="10" coveredstatements="10" elements="12" coveredelements="12"/>
    </file>
    <file name="/home/vexpenses/Documentos/agenda-with-api/agenda/app/Models/Phone.php">
      <class name="App\Models\Phone" namespace="global">
        <metrics complexity="1" methods="1" coveredmethods="1" conditionals="0" coveredconditionals="0" statements="1" coveredstatements="1" elements="2" coveredelements="2"/>
      </class>
      <line num="11" type="stmt" count="1"/>
      <line num="12" type="stmt" count="1"/>
      <line num="27" type="method" name="contact" visibility="public" complexity="1" crap="1" count="2"/>
      <line num="29" type="stmt" count="2"/>
      <metrics loc="31" ncloc="23" classes="1" methods="1" coveredmethods="1" conditionals="0" coveredconditionals="0" statements="3" coveredstatements="3" elements="4" coveredelements="4"/>
    </file>
    <file name="/home/vexpenses/Documentos/agenda-with-api/agenda/app/Models/Tag.php">
      <class name="App\Models\Tag" namespace="global">
        <metrics complexity="2" methods="2" coveredmethods="2" conditionals="0" coveredconditionals="0" statements="2" coveredstatements="2" elements="4" coveredelements="4"/>
      </class>
      <line num="12" type="stmt" count="1"/>
      <line num="13" type="stmt" count="1"/>
      <line num="14" type="stmt" count="1"/>
      <line num="38" type="method" name="user" visibility="public" complexity="1" crap="1" count="1"/>
      <line num="40" type="stmt" count="1"/>
      <line num="46" type="method" name="tagContacts" visibility="public" complexity="1" crap="1" count="14"/>
      <line num="48" type="stmt" count="14"/>
      <metrics loc="50" ncloc="34" classes="1" methods="2" coveredmethods="2" conditionals="0" coveredconditionals="0" statements="5" coveredstatements="5" elements="7" coveredelements="7"/>
    </file>
    <file name="/home/vexpenses/Documentos/agenda-with-api/agenda/app/Models/TagContact.php">
      <class name="App\Models\TagContact" namespace="global">
        <metrics complexity="2" methods="2" coveredmethods="2" conditionals="0" coveredconditionals="0" statements="2" coveredstatements="2" elements="4" coveredelements="4"/>
      </class>
      <line num="11" type="stmt" count="1"/>
      <line num="12" type="stmt" count="1"/>
      <line num="34" type="method" name="tag" visibility="public" complexity="1" crap="1" count="1"/>
      <line num="36" type="stmt" count="1"/>
      <line num="42" type="method" name="contact" visibility="public" complexity="1" crap="1" count="1"/>
      <line num="44" type="stmt" count="1"/>
      <metrics loc="46" ncloc="30" classes="1" methods="2" coveredmethods="2" conditionals="0" coveredconditionals="0" statements="4" coveredstatements="4" elements="6" coveredelements="6"/>
    </file>
    <file name="/home/vexpenses/Documentos/agenda-with-api/agenda/app/Models/Traits/UuidAsPrimaryKey.php">
      <class name="App\Models\Traits\UuidAsPrimaryKey" namespace="global">
        <metrics complexity="4" methods="3" coveredmethods="2" conditionals="0" coveredconditionals="0" statements="9" coveredstatements="8" elements="12" coveredelements="10"/>
      </class>
      <line num="9" type="method" name="getKeyType" visibility="public" complexity="1" crap="1" count="137"/>
      <line num="11" type="stmt" count="137"/>
      <line num="20" type="method" name="getIncrementing" visibility="public" complexity="1" crap="1" count="205"/>
      <line num="22" type="stmt" count="205"/>
      <line num="25" type="method" name="bootUuidAsPrimaryKey" visibility="public" complexity="2" crap="2.01" count="225"/>
      <line num="27" type="stmt" count="225"/>
      <line num="28" type="stmt" count="205"/>
      <line num="30" type="stmt" count="205"/>
      <line num="31" type="stmt" count="0"/>
      <line num="32" type="stmt" count="205"/>
      <line num="33" type="stmt" count="225"/>
      <line num="34" type="stmt" count="225"/>
      <metrics loc="35" ncloc="29" classes="1" methods="3" coveredmethods="2" conditionals="0" coveredconditionals="0" statements="9" coveredstatements="8" elements="12" coveredelements="10"/>
    </file>
    <file name="/home/vexpenses/Documentos/agenda-with-api/agenda/app/Models/User.php">
      <class name="App\Models\User" namespace="global">
        <metrics complexity="5" methods="5" coveredmethods="5" conditionals="0" coveredconditionals="0" statements="5" coveredstatements="5" elements="10" coveredelements="10"/>
      </class>
      <line num="11" type="stmt" count="1"/>
      <line num="12" type="stmt" count="1"/>
      <line num="38" type="method" name="contacts" visibility="public" complexity="1" crap="1" count="23"/>
      <line num="40" type="stmt" count="23"/>
      <line num="46" type="method" name="tags" visibility="public" complexity="1" crap="1" count="10"/>
      <line num="48" type="stmt" count="10"/>
      <line num="54" type="method" name="authenticateTokens" visibility="public" complexity="1" crap="1" count="6"/>
      <line num="56" type="stmt" count="6"/>
      <line num="62" type="method" name="changePasswords" visibility="public" complexity="1" crap="1" count="4"/>
      <line num="64" type="stmt" count="4"/>
      <line num="70" type="method" name="externalTokens" visibility="public" complexity="1" crap="1" count="2"/>
      <line num="72" type="stmt" count="2"/>
      <metrics loc="74" ncloc="49" classes="1" methods="5" coveredmethods="5" conditionals="0" coveredconditionals="0" statements="7" coveredstatements="7" elements="12" coveredelements="12"/>
    </file>
    <file name="/home/vexpenses/Documentos/agenda-with-api/agenda/app/Providers/AppServiceProvider.php">
      <class name="App\Providers\AppServiceProvider" namespace="global">
        <metrics complexity="2" methods="2" coveredmethods="2" conditionals="0" coveredconditionals="0" statements="2" coveredstatements="2" elements="4" coveredelements="4"/>
      </class>
      <line num="14" type="method" name="register" visibility="public" complexity="1" crap="1" count="226"/>
      <line num="17" type="stmt" count="226"/>
      <line num="24" type="method" name="boot" visibility="public" complexity="1" crap="1" count="226"/>
      <line num="27" type="stmt" count="226"/>
      <metrics loc="28" ncloc="18" classes="1" methods="2" coveredmethods="2" conditionals="0" coveredconditionals="0" statements="2" coveredstatements="2" elements="4" coveredelements="4"/>
    </file>
    <file name="/home/vexpenses/Documentos/agenda-with-api/agenda/app/Providers/AuthServiceProvider.php">
      <class name="App\Providers\AuthServiceProvider" namespace="global">
        <metrics complexity="1" methods="1" coveredmethods="1" conditionals="0" coveredconditionals="0" statements="2" coveredstatements="2" elements="3" coveredelements="3"/>
      </class>
      <line num="24" type="method" name="boot" visibility="public" complexity="1" crap="1" count="226"/>
      <line num="26" type="stmt" count="226"/>
      <line num="29" type="stmt" count="226"/>
      <metrics loc="30" ncloc="20" classes="1" methods="1" coveredmethods="1" conditionals="0" coveredconditionals="0" statements="2" coveredstatements="2" elements="3" coveredelements="3"/>
    </file>
    <file name="/home/vexpenses/Documentos/agenda-with-api/agenda/app/Providers/BroadcastServiceProvider.php">
      <class name="App\Providers\BroadcastServiceProvider" namespace="global">
        <metrics complexity="1" methods="1" coveredmethods="0" conditionals="0" coveredconditionals="0" statements="3" coveredstatements="0" elements="4" coveredelements="0"/>
      </class>
      <line num="15" type="method" name="boot" visibility="public" complexity="1" crap="2" count="0"/>
      <line num="17" type="stmt" count="0"/>
      <line num="19" type="stmt" count="0"/>
      <line num="20" type="stmt" count="0"/>
      <metrics loc="21" ncloc="16" classes="1" methods="1" coveredmethods="0" conditionals="0" coveredconditionals="0" statements="3" coveredstatements="0" elements="4" coveredelements="0"/>
    </file>
    <file name="/home/vexpenses/Documentos/agenda-with-api/agenda/app/Providers/EventServiceProvider.php">
      <class name="App\Providers\EventServiceProvider" namespace="global">
        <metrics complexity="1" methods="1" coveredmethods="1" conditionals="0" coveredconditionals="0" statements="2" coveredstatements="2" elements="3" coveredelements="3"/>
      </class>
      <line num="28" type="method" name="boot" visibility="public" complexity="1" crap="1" count="226"/>
      <line num="30" type="stmt" count="226"/>
      <line num="33" type="stmt" count="226"/>
      <metrics loc="34" ncloc="24" classes="1" methods="1" coveredmethods="1" conditionals="0" coveredconditionals="0" statements="2" coveredstatements="2" elements="3" coveredelements="3"/>
    </file>
    <file name="/home/vexpenses/Documentos/agenda-with-api/agenda/app/Providers/HelperServiceProvider.php">
      <class name="App\Providers\HelperServiceProvider" namespace="global">
[...]
      <line num="91" type="stmt" count="2"/>
      <line num="93" type="stmt" count="2"/>
      <line num="94" type="stmt" count="2"/>
      <line num="95" type="stmt" count="2"/>
      <line num="101" type="stmt" count="2"/>
      <line num="102" type="stmt" count="2"/>
      <line num="104" type="stmt" count="2"/>
      <line num="105" type="stmt" count="0"/>
      <line num="106" type="stmt" count="0"/>
      <line num="107" type="stmt" count="0"/>
      <line num="108" type="stmt" count="0"/>
      <line num="110" type="stmt" count="0"/>
      <line num="111" type="stmt" count="0"/>
      <line num="112" type="stmt" count="2"/>
      <line num="117" type="stmt" count="0"/>
      <line num="118" type="stmt" count="0"/>
      <line num="121" type="stmt" count="2"/>
      <line num="122" type="stmt" count="2"/>
      <line num="123" type="stmt" count="2"/>
      <line num="124" type="stmt" count="2"/>
      <line num="136" type="method" name="logout" visibility="public" complexity="5" crap="5.04" count="4"/>
      <line num="139" type="stmt" count="4"/>
      <line num="140" type="stmt" count="4"/>
      <line num="141" type="stmt" count="2"/>
      <line num="142" type="stmt" count="2"/>
      <line num="143" type="stmt" count="2"/>
      <line num="144" type="stmt" count="2"/>
      <line num="145" type="stmt" count="2"/>
      <line num="149" type="stmt" count="2"/>
      <line num="150" type="stmt" count="2"/>
      <line num="152" type="stmt" count="2"/>
      <line num="153" type="stmt" count="2"/>
      <line num="155" type="stmt" count="0"/>
      <line num="156" type="stmt" count="0"/>
      <line num="159" type="stmt" count="2"/>
      <line num="160" type="stmt" count="2"/>
      <line num="161" type="stmt" count="2"/>
      <line num="162" type="stmt" count="2"/>
      <line num="173" type="method" name="findByEmail" visibility="public" complexity="3" crap="3.03" count="9"/>
      <line num="176" type="stmt" count="9"/>
      <line num="178" type="stmt" count="9"/>
      <line num="179" type="stmt" count="4"/>
      <line num="180" type="stmt" count="4"/>
      <line num="181" type="stmt" count="4"/>
      <line num="182" type="stmt" count="4"/>
      <line num="184" type="stmt" count="4"/>
      <line num="185" type="stmt" count="4"/>
      <line num="186" type="stmt" count="9"/>
      <line num="191" type="stmt" count="0"/>
      <line num="192" type="stmt" count="0"/>
      <line num="195" type="stmt" count="5"/>
      <line num="196" type="stmt" count="5"/>
      <line num="197" type="stmt" count="5"/>
      <line num="210" type="method" name="update" visibility="public" complexity="4" crap="4.03" count="3"/>
      <line num="213" type="stmt" count="3"/>
      <line num="214" type="stmt" count="3"/>
      <line num="215" type="stmt" count="1"/>
      <line num="216" type="stmt" count="1"/>
      <line num="217" type="stmt" count="1"/>
      <line num="218" type="stmt" count="1"/>
      <line num="219" type="stmt" count="1"/>
      <line num="224" type="stmt" count="2"/>
      <line num="225" type="stmt" count="2"/>
      <line num="226" type="stmt" count="2"/>
      <line num="229" type="stmt" count="2"/>
      <line num="230" type="stmt" count="2"/>
      <line num="233" type="stmt" count="0"/>
      <line num="234" type="stmt" count="0"/>
      <line num="237" type="stmt" count="2"/>
      <line num="238" type="stmt" count="2"/>
      <line num="239" type="stmt" count="2"/>
      <line num="251" type="method" name="find" visibility="public" complexity="3" crap="3.03" count="121"/>
      <line num="254" type="stmt" count="121"/>
      <line num="256" type="stmt" count="121"/>
      <line num="257" type="stmt" count="25"/>
      <line num="258" type="stmt" count="25"/>
      <line num="259" type="stmt" count="25"/>
      <line num="260" type="stmt" count="25"/>
      <line num="262" type="stmt" count="25"/>
      <line num="263" type="stmt" count="25"/>
      <line num="264" type="stmt" count="121"/>
      <line num="269" type="stmt" count="0"/>
      <line num="270" type="stmt" count="0"/>
      <line num="273" type="stmt" count="96"/>
      <line num="274" type="stmt" count="96"/>
      <line num="275" type="stmt" count="96"/>
      <line num="287" type="method" name="tokenToChangePassword" visibility="public" complexity="3" crap="3.07" count="3"/>
      <line num="290" type="stmt" count="3"/>
      <line num="291" type="stmt" count="3"/>
      <line num="293" type="stmt" count="3"/>
      <line num="294" type="stmt" count="1"/>
      <line num="297" type="stmt" count="2"/>
      <line num="298" type="stmt" count="0"/>
      <line num="299" type="stmt" count="0"/>
      <line num="302" type="stmt" count="2"/>
      <line num="303" type="stmt" count="2"/>
      <line num="304" type="stmt" count="2"/>
      <line num="318" type="method" name="changePassword" visibility="public" complexity="5" crap="5.02" count="4"/>
      <line num="324" type="stmt" count="4"/>
      <line num="325" type="stmt" count="4"/>
      <line num="326" type="stmt" count="1"/>
      <line num="327" type="stmt" count="1"/>
      <line num="328" type="stmt" count="1"/>
      <line num="329" type="stmt" count="1"/>
      <line num="330" type="stmt" count="1"/>
      <line num="334" type="stmt" count="3"/>
      <line num="335" type="stmt" count="3"/>
      <line num="336" type="stmt" count="1"/>
      <line num="337" type="stmt" count="1"/>
      <line num="338" type="stmt" count="1"/>
      <line num="339" type="stmt" count="1"/>
      <line num="341" type="stmt" count="1"/>
      <line num="342" type="stmt" count="1"/>
      <line num="343" type="stmt" count="1"/>
      <line num="349" type="stmt" count="2"/>
      <line num="350" type="stmt" count="2"/>
      <line num="353" type="stmt" count="0"/>
      <line num="354" type="stmt" count="0"/>
      <line num="357" type="stmt" count="2"/>
      <line num="358" type="stmt" count="2"/>
      <line num="359" type="stmt" count="2"/>
      <metrics loc="363" ncloc="296" classes="1" methods="9" coveredmethods="1" conditionals="0" coveredconditionals="0" statements="141" coveredstatements="119" elements="150" coveredelements="120"/>
    </file>
    <file name="/home/vexpenses/Documentos/agenda-with-api/agenda/app/Services/VexpensesService.php">
      <class name="App\Services\VexpensesService" namespace="global">
        <metrics complexity="40" methods="7" coveredmethods="3" conditionals="0" coveredconditionals="0" statements="169" coveredstatements="124" elements="176" coveredelements="127"/>
      </class>
      <line num="24" type="method" name="__construct" visibility="public" complexity="1" crap="1" count="22"/>
      <line num="26" type="stmt" count="22"/>
      <line num="27" type="stmt" count="22"/>
      <line num="33" type="stmt" count="22"/>
      <line num="34" type="stmt" count="22"/>
      <line num="44" type="method" name="sendRequest" visibility="public" complexity="6" crap="17.00" count="10"/>
      <line num="47" type="stmt" count="10"/>
      <line num="49" type="stmt" count="10"/>
      <line num="50" type="stmt" count="4"/>
      <line num="51" type="stmt" count="4"/>
      <line num="52" type="stmt" count="4"/>
      <line num="53" type="stmt" count="4"/>
      <line num="55" type="stmt" count="4"/>
      <line num="56" type="stmt" count="4"/>
      <line num="57" type="stmt" count="4"/>
      <line num="65" type="stmt" count="6"/>
      <line num="69" type="stmt" count="6"/>
      <line num="71" type="stmt" count="6"/>
      <line num="72" type="stmt" count="0"/>
      <line num="73" type="stmt" count="0"/>
      <line num="75" type="stmt" count="0"/>
      <line num="76" type="stmt" count="0"/>
      <line num="77" type="stmt" count="0"/>
      <line num="78" type="stmt" count="0"/>
      <line num="79" type="stmt" count="0"/>
      <line num="81" type="stmt" count="0"/>
      <line num="82" type="stmt" count="0"/>
      <line num="83" type="stmt" count="0"/>
      <line num="89" type="stmt" count="0"/>
      <line num="90" type="stmt" count="0"/>
      <line num="91" type="stmt" count="0"/>
      <line num="92" type="stmt" count="0"/>
      <line num="93" type="stmt" count="0"/>
      <line num="95" type="stmt" count="0"/>
      <line num="96" type="stmt" count="0"/>
      <line num="97" type="stmt" count="0"/>
      <line num="103" type="stmt" count="0"/>
      <line num="104" type="stmt" count="0"/>
      <line num="105" type="stmt" count="0"/>
      <line num="106" type="stmt" count="0"/>
      <line num="107" type="stmt" count="0"/>
      <line num="109" type="stmt" count="0"/>
      <line num="110" type="stmt" count="0"/>
      <line num="111" type="stmt" count="0"/>
      <line num="117" type="stmt" count="0"/>
      <line num="118" type="stmt" count="0"/>
      <line num="119" type="stmt" count="0"/>
      <line num="120" type="stmt" count="0"/>
      <line num="122" type="stmt" count="0"/>
      <line num="123" type="stmt" count="0"/>
      <line num="124" type="stmt" count="0"/>
      <line num="130" type="stmt" count="6"/>
      <line num="131" type="stmt" count="6"/>
      <line num="132" type="stmt" count="6"/>
      <line num="133" type="stmt" count="6"/>
      <line num="144" type="method" name="setClient" visibility="public" complexity="1" crap="1" count="22"/>
      <line num="146" type="stmt" count="22"/>
      <line num="147" type="stmt" count="22"/>
      <line num="157" type="method" name="tokenToAccess" visibility="public" complexity="5" crap="5.12" count="3"/>
      <line num="160" type="stmt" count="3"/>
      <line num="161" type="stmt" count="3"/>
      <line num="163" type="stmt" count="3"/>
      <line num="164" type="stmt" count="1"/>
      <line num="165" type="stmt" count="1"/>
      <line num="166" type="stmt" count="1"/>
      <line num="167" type="stmt" count="1"/>
      <line num="168" type="stmt" count="1"/>
      <line num="172" type="stmt" count="2"/>
      <line num="173" type="stmt" count="2"/>
      <line num="175" type="stmt" count="2"/>
      <line num="176" type="stmt" count="0"/>
      <line num="179" type="stmt" count="2"/>
      <line num="180" type="stmt" count="0"/>
      <line num="181" type="stmt" count="0"/>
      <line num="184" type="stmt" count="2"/>
      <line num="185" type="stmt" count="2"/>
      <line num="186" type="stmt" count="2"/>
      <line num="196" type="method" name="getToken" visibility="private" complexity="1" crap="1" count="10"/>
      <line num="198" type="stmt" count="10"/>
      <line num="199" type="stmt" count="10"/>
      <line num="200" type="stmt" count="10"/>
      <line num="203" type="stmt" count="10"/>
      <line num="213" type="method" name="findAllTeamMembers" visibility="public" complexity="14" crap="14.03" count="9"/>
      <line num="216" type="stmt" count="9"/>
      <line num="217" type="stmt" count="9"/>
      <line num="218" type="stmt" count="1"/>
      <line num="219" type="stmt" count="1"/>
      <line num="220" type="stmt" count="1"/>
      <line num="221" type="stmt" count="1"/>
      <line num="222" type="stmt" count="1"/>
      <line num="226" type="stmt" count="8"/>
      <line num="228" type="stmt" count="8"/>
      <line num="229" type="stmt" count="3"/>
      <line num="230" type="stmt" count="3"/>
      <line num="231" type="stmt" count="3"/>
      <line num="232" type="stmt" count="3"/>
      <line num="233" type="stmt" count="3"/>
      <line num="237" type="stmt" count="5"/>
      <line num="239" type="stmt" count="5"/>
      <line num="240" type="stmt" count="5"/>
      <line num="241" type="stmt" count="5"/>
      <line num="242" type="stmt" count="5"/>
      <line num="245" type="stmt" count="5"/>
      <line num="247" type="stmt" count="5"/>
      <line num="249" type="stmt" count="5"/>
      <line num="250" type="stmt" count="5"/>
      <line num="253" type="stmt" count="5"/>
      <line num="254" type="stmt" count="5"/>
      <line num="258" type="stmt" count="5"/>
      <line num="259" type="stmt" count="5"/>
      <line num="262" type="stmt" count="5"/>
      <line num="263" type="stmt" count="5"/>
      <line num="264" type="stmt" count="5"/>
      <line num="265" type="stmt" count="5"/>
      <line num="266" type="stmt" count="5"/>
      <line num="268" type="stmt" count="5"/>
      <line num="269" type="stmt" count="0"/>
      <line num="270" type="stmt" count="0"/>
      <line num="273" type="stmt" count="5"/>
      <line num="274" type="stmt" count="5"/>
      <line num="275" type="stmt" count="5"/>
      <line num="289" type="method" name="store" visibility="public" complexity="12" crap="12.31" count="9"/>
      <line num="292" type="stmt" count="9"/>
      <line num="293" type="stmt" count="9"/>
      <line num="294" type="stmt" count="1"/>
      <line num="295" type="stmt" count="1"/>
      <line num="296" type="stmt" count="1"/>
      <line num="297" type="stmt" count="1"/>
      <line num="298" type="stmt" count="1"/>
      <line num="302" type="stmt" count="8"/>
      <line num="303" type="stmt" count="8"/>
      <line num="307" type="stmt" count="8"/>
      <line num="308" type="stmt" count="2"/>
      <line num="309" type="stmt" count="2"/>
      <line num="310" type="stmt" count="2"/>
      <line num="311" type="stmt" count="2"/>
      <line num="313" type="stmt" count="2"/>
      <line num="314" type="stmt" count="2"/>
      <line num="315" type="stmt" count="2"/>
      <line num="321" type="stmt" count="6"/>
      <line num="322" type="stmt" count="6"/>
      <line num="323" type="stmt" count="2"/>
      <line num="324" type="stmt" count="2"/>
      <line num="325" type="stmt" count="2"/>
      <line num="326" type="stmt" count="2"/>
      <line num="327" type="stmt" count="2"/>
      <line num="332" type="stmt" count="4"/>
      <line num="334" type="stmt" count="4"/>
      <line num="336" type="stmt" count="4"/>
      <line num="337" type="stmt" count="2"/>
      <line num="340" type="stmt" count="4"/>
      <line num="341" type="stmt" count="2"/>
      <line num="344" type="stmt" count="4"/>
      <line num="345" type="stmt" count="2"/>
      <line num="346" type="stmt" count="2"/>
      <line num="347" type="stmt" count="2"/>
      <line num="348" type="stmt" count="2"/>
      <line num="350" type="stmt" count="2"/>
      <line num="351" type="stmt" count="2"/>
      <line num="352" type="stmt" count="2"/>
      <line num="358" type="stmt" count="2"/>
      <line num="359" type="stmt" count="2"/>
      <line num="363" type="stmt" count="2"/>
      <line num="367" type="stmt" count="2"/>
      <line num="368" type="stmt" count="2"/>
      <line num="369" type="stmt" count="0"/>
      <line num="370" type="stmt" count="0"/>
      <line num="371" type="stmt" count="0"/>
      <line num="372" type="stmt" count="0"/>
      <line num="373" type="stmt" count="0"/>
      <line num="377" type="stmt" count="2"/>
      <line num="378" type="stmt" count="0"/>
      <line num="379" type="stmt" count="0"/>
      <line num="382" type="stmt" count="2"/>
      <line num="383" type="stmt" count="2"/>
      <line num="384" type="stmt" count="2"/>
      <metrics loc="388" ncloc="341" classes="1" methods="7" coveredmethods="3" conditionals="0" coveredconditionals="0" statements="169" coveredstatements="124" elements="176" coveredelements="127"/>
    </file>
    <file name="/home/vexpenses/Documentos/agenda-with-api/agenda/app/Services/ViaCepService.php">
      <class name="App\Services\ViaCepService" namespace="global">
        <metrics complexity="6" methods="3" coveredmethods="2" conditionals="0" coveredconditionals="0" statements="35" coveredstatements="25" elements="38" coveredelements="27"/>
      </class>
      <line num="18" type="method" name="__construct" visibility="public" complexity="1" crap="1" count="4"/>
      <line num="20" type="stmt" count="4"/>
      <line num="21" type="stmt" count="4"/>
      <line num="27" type="stmt" count="4"/>
      <line num="28" type="stmt" count="4"/>
      <line num="37" type="method" name="sendRequestViaCep" visibility="public" complexity="4" crap="4.66" count="4"/>
      <line num="40" type="stmt" count="4"/>
      <line num="42" type="stmt" count="2"/>
      <line num="44" type="stmt" count="2"/>
      <line num="45" type="stmt" count="2"/>
      <line num="46" type="stmt" count="2"/>
      <line num="47" type="stmt" count="2"/>
      <line num="48" type="stmt" count="2"/>
      <line num="50" type="stmt" count="2"/>
      <line num="51" type="stmt" count="2"/>
      <line num="52" type="stmt" count="2"/>
      <line num="57" type="stmt" count="2"/>
      <line num="58" type="stmt" count="2"/>
      <line num="59" type="stmt" count="2"/>
      <line num="60" type="stmt" count="2"/>
      <line num="61" type="stmt" count="2"/>
      <line num="62" type="stmt" count="2"/>
      <line num="64" type="stmt" count="2"/>
      <line num="65" type="stmt" count="2"/>
      <line num="66" type="stmt" count="2"/>
      <line num="72" type="stmt" count="0"/>
      <line num="73" type="stmt" count="0"/>
      <line num="74" type="stmt" count="0"/>
      <line num="75" type="stmt" count="0"/>
      <line num="77" type="stmt" count="0"/>
      <line num="78" type="stmt" count="0"/>
      <line num="79" type="stmt" count="0"/>
      <line num="85" type="stmt" count="0"/>
      <line num="86" type="stmt" count="0"/>
      <line num="87" type="stmt" count="0"/>
      <line num="99" type="method" name="setClient" visibility="public" complexity="1" crap="1" count="4"/>
      <line num="101" type="stmt" count="4"/>
      <line num="102" type="stmt" count="4"/>
      <metrics loc="103" ncloc="86" classes="1" methods="3" coveredmethods="2" conditionals="0" coveredconditionals="0" statements="35" coveredstatements="25" elements="38" coveredelements="27"/>
    </file>
    <file name="/home/vexpenses/Documentos/agenda-with-api/agenda/app/Traits/ResponseHelpers.php">
      <class name="App\Traits\ResponseHelpers" namespace="global">
        <metrics complexity="4" methods="4" coveredmethods="1" conditionals="0" coveredconditionals="0" statements="20" coveredstatements="5" elements="24" coveredelements="6"/>
      </class>
      <line num="18" type="method" name="sendResponse" visibility="public" complexity="1" crap="2" count="0"/>
      <line num="20" type="stmt" count="0"/>
      <line num="22" type="stmt" count="0"/>
      <line num="23" type="stmt" count="0"/>
      <line num="24" type="stmt" count="0"/>
      <line num="26" type="stmt" count="0"/>
      <line num="27" type="stmt" count="0"/>
      <line num="28" type="stmt" count="0"/>
      <line num="40" type="method" name="sendError" visibility="public" complexity="1" crap="2" count="0"/>
      <line num="42" type="stmt" count="0"/>
      <line num="44" type="stmt" count="0"/>
      <line num="45" type="stmt" count="0"/>
      <line num="46" type="stmt" count="0"/>
      <line num="48" type="stmt" count="0"/>
      <line num="49" type="stmt" count="0"/>
      <line num="50" type="stmt" count="0"/>
      <line num="62" type="method" name="sendData" visibility="public" complexity="1" crap="2" count="0"/>
      <line num="64" type="stmt" count="0"/>
      <line num="73" type="method" name="unauthenticatedErrorResponse" visibility="public" complexity="1" crap="1" count="21"/>
      <line num="75" type="stmt" count="21"/>
      <line num="76" type="stmt" count="21"/>
      <line num="77" type="stmt" count="21"/>
      <line num="79" type="stmt" count="21"/>
      <line num="82" type="stmt" count="21"/>
      <metrics loc="84" ncloc="54" classes="1" methods="4" coveredmethods="1" conditionals="0" coveredconditionals="0" statements="20" coveredstatements="5" elements="24" coveredelements="6"/>
    </file>
    <metrics files="128" loc="7398" ncloc="5509" classes="95" methods="261" coveredmethods="175" conditionals="0" coveredconditionals="0" statements="1664" coveredstatements="1407" elements="1925" coveredelements="1582"/>
  </project>
</coverage>
